1579546122562,Diagnose,"**** System Info ****
User Agent :Mozilla/5.0 (Windows NT 10.0; WOW64; rv:40.0) Gecko/20100101 Firefox/40.0
Toolbar Version:",""
1579546130706,Warn,"{}",""
1579546131233,Warn,"{"message":"Component returned failure code: 0x80520012 (NS_ERROR_FILE_NOT_FOUND) [nsIFileInputStream.init]","result":2152857618,"name":"NS_ERROR_FILE_NOT_FOUND","filename":"file:///C:/Users/student/AppData/Roaming/Mozilla/Firefox/Profiles/sir8vzak.default/extensions/%7B635abd67-4fe9-1b23-4f01-e679fa7484c1%7D/components/nsYahooFileIO.js","lineNumber":24,"columnNumber":0,"location":{"language":2,"languageName":"JavaScript","filename":"file:///C:/Users/student/AppData/Roaming/Mozilla/Firefox/Profiles/sir8vzak.default/extensions/%7B635abd67-4fe9-1b23-4f01-e679fa7484c1%7D/components/nsYahooFileIO.js","name":"YahooFileIO.prototype.readUnicodeFile","lineNumber":24,"columnNumber":329,"sourceLine":"","asyncCause":null,"asyncCaller":null,"caller":{"language":2,"languageName":"JavaScript","filename":"chrome://ytoolbar/content/ytoolbarOverlay.js","name":"yahooSearchReset","lineNumber":246,"columnNumber":514,"sourceLine":"","asyncCause":null,"asyncCaller":null,"caller":{"language":2,"languageName":"JavaScript","filename":"chrome://ytoolbar/content/ytoolbarOverlay.js","name":"yahooToolbarInit","lineNumber":23,"columnNumber":58,"sourceLine":"","asyncCause":null,"asyncCaller":null,"caller":{"language":0,"languageName":"C++","filename":null,"name":null,"lineNumber":0,"columnNumber":0,"sourceLine":"","asyncCause":null,"asyncCaller":null,"caller":null,"formattedStack":"","nativeSavedFrame":null},"formattedStack":"yahooToolbarInit@chrome://ytoolbar/content/ytoolbarOverlay.js:23:58\n","nativeSavedFrame":{}},"formattedStack":"yahooSearchReset@chrome://ytoolbar/content/ytoolbarOverlay.js:246:514\nyahooToolbarInit@chrome://ytoolbar/content/ytoolbarOverlay.js:23:58\n","nativeSavedFrame":{}},"formattedStack":"YahooFileIO.prototype.readUnicodeFile@file:///C:/Users/student/AppData/Roaming/Mozilla/Firefox/Profiles/sir8vzak.default/extensions/%7B635abd67-4fe9-1b23-4f01-e679fa7484c1%7D/components/nsYahooFileIO.js:24:329\nyahooSearchReset@chrome://ytoolbar/content/ytoolbarOverlay.js:246:514\nyahooToolbarInit@chrome://ytoolbar/content/ytoolbarOverlay.js:23:58\n","nativeSavedFrame":{}},"inner":null,"data":null}",""
1579546132647,Warn,"Component returned failure code: 0x8000ffff (NS_ERROR_UNEXPECTED) [nsIPrefBranch.getBoolPref]",""
1579546132869,Warn,"WLP Error: error in getting welcome page. Wait untill next Feed refresh",""
1579546133002,Warn,"false",""
1579546137326,Warn,"YahooCache:getManifest(): Component returned failure code: 0x804b000a (NS_ERROR_MALFORMED_URI) [nsIIOService.newChannel]",""
1579546137417,Warn,"{}",""
1579546137444,Warn,"{}",""
1579546140911,Warn,"{}",""
1579546145952,Warn,"{}",""
1579546153640,Warn,"true",""
1579546153641,Warn,"true",""
1579546159591,Warn,"{}",""
1579546165982,Warn,"true",""
1579546167931,Warn,"true",""
1579546171909,Warn,"true",""
1579546175186,Warn,"{}",""
1579546175190,Warn,"{}",""
1579546175194,Warn,"true",""
1579546175198,Warn,"{}",""
1579546175200,Warn,"true",""
1579546175200,Warn,"true",""
1579546175717,Warn,"true",""
1579546175718,Warn,"true",""
1579546184045,Warn,"{}",""
1579546184373,Warn,"{}",""
1579546186813,Warn,"true",""
1579546186814,Warn,"true",""
1579546191932,Warn,"{}",""
1579546192538,Warn,"{}",""
1579546193338,Warn,"{}",""
1579546194902,Warn,"{}",""
1579546195270,Warn,"{}",""
1579546195595,Warn,"{}",""
1579546196990,Warn,"{}",""
1579546197026,Warn,"{}",""
1579546197277,Warn,"{}",""
1579546197494,Warn,"{}",""
1579546201599,Warn,"{}",""
1579546203038,Warn,"{}",""
1579546203057,Warn,"{}",""
1579546203770,Warn,"{}",""
1579546205078,Warn,"{}",""
1579546206023,Warn,"{}",""
1579546210441,Warn,"{}",""
1579546212039,Warn,"{}",""
1579546213551,Warn,"{}",""
1579546216074,Warn,"{}",""
1579546216556,Warn,"{}",""
1579546216957,Warn,"{}",""
1579546230188,Warn,"{}",""
1579546235414,Warn,"{}",""
1579546236310,Warn,"{}",""
1579546236585,Warn,"{}",""
1579546242115,Warn,"{}",""
1579546242128,Warn,"{}",""
1579546249456,Warn,"{}",""
1579546252623,Warn,"{}",""
1579546255874,Warn,"{}",""
1579546263375,Warn,"{}",""
1579547172646,Diagnose,"**** System Info ****
User Agent :Mozilla/5.0 (Windows NT 10.0; WOW64; rv:40.0) Gecko/20100101 Firefox/40.0
Toolbar Version:",""
1579547174583,Warn,"Component returned failure code: 0x8000ffff (NS_ERROR_UNEXPECTED) [nsIPrefBranch.getBoolPref]",""
1579547174600,Warn,"false",""
1579547174977,Warn,"{}",""
1579547174987,Warn,"{}",""
1579547174997,Warn,"YahooCache:getManifest(): Component returned failure code: 0x804b000a (NS_ERROR_MALFORMED_URI) [nsIIOService.newChannel]",""
1579547175489,Warn,"true",""
1579547175535,Warn,"true",""
1579547177273,Warn,"{}",""
1579547177436,Warn,"{}",""
1579547178340,Warn,"{}",""
1579547182797,Warn,"true",""
1579547188721,Warn,"true",""
1579547192356,Warn,"true",""
1579547192357,Warn,"true",""
1579547194331,Warn,"true",""
1579547195389,Warn,"true",""
1579547196425,Warn,"true",""
1579547196427,Warn,"true",""
1579547196427,Warn,"true",""
1579547196676,Warn,"true",""
1579547196676,Warn,"true",""
1579547196677,Warn,"true",""
1579547196678,Warn,"true",""
1579547200080,Warn,"true",""
1579547200094,Warn,"true",""
1579547200186,Warn,"true",""
1579547202568,Warn,"true",""
1579547202990,Warn,"true",""
1579547203008,Warn,"true",""
1579547204284,Warn,"true",""
1579547205457,Warn,"true",""
1579547205459,Warn,"true",""
1579547205459,Warn,"true",""
1579547205720,Warn,"true",""
1579547205721,Warn,"true",""
1579547205722,Warn,"true",""
1579547205724,Warn,"true",""
1579547209625,Warn,"{}",""
1579547209868,Warn,"{}",""
1579547213791,Warn,"{}",""
1579547217025,Warn,"{}",""
1579547218177,Warn,"{}",""
1579547225259,Warn,"{}",""
1579547225263,Warn,"{}",""
1579547225856,Warn,"{}",""
1579547235027,Warn,"{}",""
1579547236024,Warn,"{}",""
1579547238587,Warn,"{}",""
1579547323957,Diagnose,"**** System Info ****
User Agent :Mozilla/5.0 (Windows NT 10.0; WOW64; rv:40.0) Gecko/20100101 Firefox/40.0
Toolbar Version:",""
1579547324817,Warn,"Component returned failure code: 0x8000ffff (NS_ERROR_UNEXPECTED) [nsIPrefBranch.getBoolPref]",""
1579547324822,Warn,"false",""
1579547324955,Warn,"{}",""
1579547324956,Warn,"YahooCache:getManifest(): Component returned failure code: 0x804b000a (NS_ERROR_MALFORMED_URI) [nsIIOService.newChannel]",""
1579547325075,Warn,"true",""
1579547326713,Warn,"{}",""
1579547326874,Warn,"{}",""
1579547327481,Warn,"{}",""
1579547330996,Warn,"true",""
1579547333568,Warn,"true",""
1579547334580,Warn,"true",""
1579547334582,Warn,"true",""
1579547334582,Warn,"true",""
1579547334649,Warn,"true",""
1579547334690,Warn,"true",""
1579547334746,Warn,"true",""
1579547334748,Warn,"true",""
1579547338883,Warn,"true",""
1579547340633,Warn,"true",""
1579547354689,Warn,"true",""
1579547379151,Warn,"true",""
1579547382205,Warn,"true",""
1579547382205,Warn,"true",""
1579547382206,Warn,"true",""
1579547382206,Warn,"true",""
1579547396061,Warn,"true",""
1579547405864,Warn,"true",""
1579547408440,Warn,"true",""
1579547408455,Warn,"true",""
1579547409561,Warn,"true",""
1579547409563,Warn,"true",""
1579547409563,Warn,"true",""
1579547410122,Warn,"true",""
1579547410122,Warn,"true",""
1579547410122,Warn,"true",""
1579547410123,Warn,"true",""
1579547410124,Warn,"true",""
1579547413940,Warn,"true",""
1579547414910,Warn,"true",""
1579547417544,Warn,"{}",""
1579547417547,Warn,"{}",""
1579547417555,Warn,"true",""
1579547417557,Warn,"{}",""
1579547417559,Warn,"true",""
1579547417560,Warn,"true",""
1579547420412,Warn,"true",""
1579547420414,Warn,"{}",""
1579547423657,Warn,"true",""
1579547423658,Warn,"true",""
1579547424108,Warn,"true",""
1579547424121,Warn,"true",""
1579547425948,Warn,"true",""
1579547425979,Warn,"true",""
1579547426309,Warn,"true",""
1579547426489,Warn,"true",""
1579547428777,Warn,"true",""
1579547428780,Warn,"true",""
1579547428780,Warn,"true",""
1579547429355,Warn,"true",""
1579547429356,Warn,"true",""
1579547429356,Warn,"true",""
1579547429356,Warn,"true",""
1579547429357,Warn,"true",""
1579547437898,Warn,"true",""
1579547440263,Warn,"true",""
1579547440422,Warn,"true",""
1579547441281,Warn,"true",""
1579547441360,Warn,"true",""
1579547443338,Warn,"true",""
1579547443809,Warn,"true",""
1579547444556,Warn,"true",""
1579547444588,Warn,"true",""
1579547449001,Warn,"true",""
1579547449003,Warn,"true",""
1579547449004,Warn,"true",""
1579547449241,Warn,"true",""
1579547449241,Warn,"true",""
1579547449242,Warn,"true",""
1579547449242,Warn,"true",""
1579547449243,Warn,"true",""
1579547457564,Warn,"true",""
1579547457565,Warn,"true",""
1579547458714,Warn,"true",""
1579547458729,Warn,"true",""
1579547459443,Warn,"true",""
1579547466023,Warn,"true",""
1579547471862,Warn,"true",""
1579547473085,Warn,"true",""
1579547473189,Warn,"true",""
1579547473230,Warn,"true",""
1579547473804,Warn,"true",""
1579547478826,Warn,"true",""
1579547478828,Warn,"true",""
1579547478829,Warn,"true",""
1579547479298,Warn,"true",""
1579547479298,Warn,"true",""
1579547479299,Warn,"true",""
1579547479299,Warn,"true",""
1579547479300,Warn,"true",""
1579547485218,Warn,"true",""
1579547485219,Warn,"true",""
1579547485793,Warn,"true",""
1579547505570,Warn,"true",""
1579547505983,Warn,"true",""
1579547506004,Warn,"true",""
1579547507403,Warn,"true",""
1579547515416,Warn,"true",""
1579547519658,Warn,"true",""
1579547519659,Warn,"true",""
1579547519660,Warn,"true",""
1579547525219,Warn,"true",""
1579547525221,Warn,"true",""
1579547526161,Warn,"true",""
1579547567413,Diagnose,"**** System Info ****
User Agent :Mozilla/5.0 (Windows NT 10.0; WOW64; rv:40.0) Gecko/20100101 Firefox/40.0
Toolbar Version:",""
1579547568059,Warn,"Component returned failure code: 0x8000ffff (NS_ERROR_UNEXPECTED) [nsIPrefBranch.getBoolPref]",""
1579547568063,Warn,"false",""
1579547568156,Warn,"{}",""
1579547568157,Warn,"YahooCache:getManifest(): Component returned failure code: 0x804b000a (NS_ERROR_MALFORMED_URI) [nsIIOService.newChannel]",""
1579547568194,Warn,"true",""
1579547568337,Warn,"true",""
1579547574063,Warn,"{}",""
1579547574223,Warn,"{}",""
1579547578996,Warn,"{}",""
1579547586980,Warn,"true",""
1579547589565,Warn,"true",""
1579547589871,Warn,"true",""
1579547589908,Warn,"true",""
1579547590324,Warn,"true",""
1579547594282,Warn,"true",""
1579547597165,Warn,"true",""
1579547615800,Warn,"true",""
1579547618724,Warn,"true",""
1579547620359,Warn,"true",""
1579547629065,Warn,"true",""
1579547629067,Warn,"true",""
1579547629068,Warn,"true",""
1579547629606,Warn,"true",""
1579547629607,Warn,"true",""
1579547629607,Warn,"true",""
1579547629608,Warn,"true",""
1579547659910,Warn,"true",""
1579547660570,Warn,"true",""
1579547678746,Warn,"{}",""
1579547678748,Warn,"{}",""
1579547678753,Warn,"true",""
1579547678755,Warn,"{}",""
1579547678757,Warn,"true",""
1579547678758,Warn,"true",""
1579547680851,Warn,"true",""
1579547680854,Warn,"{}",""
1579547683597,Warn,"true",""
1579547683826,Warn,"true",""
1579547684808,Warn,"true",""
1579547687868,Warn,"true",""
1579547702649,Warn,"true",""
1579547706789,Warn,"true",""
1579547707911,Warn,"true",""
1579547717162,Warn,"true",""
1579547718302,Warn,"true",""
1579547723902,Warn,"{}",""
1579547723905,Warn,"{}",""
1579547727414,Warn,"true",""
1579547727926,Warn,"true",""
1579547729360,Warn,"true",""
1579547734827,Warn,"true",""
1579547749329,Warn,"true",""
1579547752571,Warn,"true",""
1579547752572,Warn,"true",""
1579547752572,Warn,"true",""
1579547752573,Warn,"true",""
1579547758668,Warn,"true",""
1579547758668,Warn,"true",""
1579547764777,Warn,"true",""
1579547764778,Warn,"true",""
1579547767770,Warn,"true",""
1579547767771,Warn,"true",""
1579547774886,Warn,"true",""
1579547774963,Warn,"true",""
1579547776934,Warn,"true",""
1579547805039,Warn,"{}",""
1579547806956,Warn,"{}",""
1579547893708,Warn,"true",""
1579547894215,Warn,"{}",""
1579547913626,Warn,"{}",""
